<?xml version="1.0" encoding="UTF-8"?>
<!-- Generated by org.testng.reporters.JUnitReportReporter -->
<testsuite hostname="DMM-G6394Y5V" failures="0" tests="1" name="Assignment.GoogleSearch.SearchGoogle" time="20.121" errors="0" timestamp="2024-01-07T12:24:10 MMT" skipped="0">
  <testcase classname="Assignment.GoogleSearch.SearchGoogle" name="SearchinGoogle" time="20.121"/>
  <system-out/>
</testsuite> <!-- Assignment.GoogleSearch.SearchGoogle -->
